Darwin nakaki.local 19.4.0 Darwin Kernel Version 19.4.0: Wed Mar  4 22:28:40 PST 2020; root:xnu-6153.101.6~15/RELEASE_X86_64 x86_64
/Users/nakaki/project/lc2020/TMW/airplane.pgm
*** start encoding ***
encoding success.
total bitrate[bits/pel]: 6.723175
pmodel bitrate[bits/pel]: 0.007812
image bitrate[bits/pel]: 6.715118
*** start decoding ***
decoding success.
*** write pgm ***
write pgm success.
OK!
/Users/nakaki/project/lc2020/TMW/baboon.pgm
*** start encoding ***
encoding success.
total bitrate[bits/pel]: 7.369080
pmodel bitrate[bits/pel]: 0.007812
image bitrate[bits/pel]: 7.361023
*** start decoding ***
decoding success.
*** write pgm ***
write pgm success.
OK!
/Users/nakaki/project/lc2020/TMW/balloon.pgm
*** start encoding ***
encoding success.
total bitrate[bits/pel]: 7.354225
pmodel bitrate[bits/pel]: 0.004938
image bitrate[bits/pel]: 7.349132
*** start decoding ***
decoding success.
*** write pgm ***
write pgm success.
OK!
/Users/nakaki/project/lc2020/TMW/barb.pgm
*** start encoding ***
encoding success.
total bitrate[bits/pel]: 7.562211
pmodel bitrate[bits/pel]: 0.004938
image bitrate[bits/pel]: 7.557118
*** start decoding ***
decoding success.
*** write pgm ***
write pgm success.
OK!
/Users/nakaki/project/lc2020/TMW/barb2.pgm
*** start encoding ***
encoding success.
total bitrate[bits/pel]: 7.495062
pmodel bitrate[bits/pel]: 0.004938
image bitrate[bits/pel]: 7.489969
*** start decoding ***
decoding success.
*** write pgm ***
write pgm success.
OK!
/Users/nakaki/project/lc2020/TMW/camera.pgm
*** start encoding ***
encoding success.
total bitrate[bits/pel]: 7.046143
pmodel bitrate[bits/pel]: 0.031250
image bitrate[bits/pel]: 7.013916
*** start decoding ***
decoding success.
*** write pgm ***
write pgm success.
OK!
/Users/nakaki/project/lc2020/TMW/couple.pgm
*** start encoding ***
encoding success.
total bitrate[bits/pel]: 6.454956
pmodel bitrate[bits/pel]: 0.031250
image bitrate[bits/pel]: 6.422729
*** start decoding ***
decoding success.
*** write pgm ***
write pgm success.
OK!
/Users/nakaki/project/lc2020/TMW/goldhill.pgm
*** start encoding ***
encoding success.
total bitrate[bits/pel]: 7.541377
pmodel bitrate[bits/pel]: 0.004938
image bitrate[bits/pel]: 7.536285
*** start decoding ***
decoding success.
*** write pgm ***
write pgm success.
OK!
/Users/nakaki/project/lc2020/TMW/lena.pgm
*** start encoding ***
encoding success.
total bitrate[bits/pel]: 7.604767
pmodel bitrate[bits/pel]: 0.007812
image bitrate[bits/pel]: 7.596710
*** start decoding ***
decoding success.
*** write pgm ***
write pgm success.
OK!
/Users/nakaki/project/lc2020/TMW/lennagrey.pgm
*** start encoding ***
encoding success.
total bitrate[bits/pel]: 7.459229
pmodel bitrate[bits/pel]: 0.007812
image bitrate[bits/pel]: 7.451172
*** start decoding ***
decoding success.
*** write pgm ***
write pgm success.
OK!
/Users/nakaki/project/lc2020/TMW/noisesquare.pgm
*** start encoding ***
encoding success.
total bitrate[bits/pel]: 5.785522
pmodel bitrate[bits/pel]: 0.031250
image bitrate[bits/pel]: 5.753296
*** start decoding ***
decoding success.
*** write pgm ***
write pgm success.
OK!
/Users/nakaki/project/lc2020/TMW/peppers.pgm
*** start encoding ***
encoding success.
total bitrate[bits/pel]: 7.603424
pmodel bitrate[bits/pel]: 0.007812
image bitrate[bits/pel]: 7.595367
*** start decoding ***
decoding success.
*** write pgm ***
write pgm success.
OK!
/Users/nakaki/project/lc2020/TMW/shapes.pgm
*** start encoding ***
encoding success.
total bitrate[bits/pel]: 6.754608
pmodel bitrate[bits/pel]: 0.007812
image bitrate[bits/pel]: 6.746552
*** start decoding ***
decoding success.
*** write pgm ***
write pgm success.
OK!
